<?xml version="1.0" encoding="UTF-8"?>
<!-- Generated by org.testng.reporters.JUnitReportReporter -->
<testsuite hostname="BSC-PG028CEZ" failures="0" tests="1" name="com.bwi.qa.testScripts.FindHotelTest" time="165.896" errors="0" timestamp="2021-03-03T20:45:55 IST" skipped="0">
  <testcase classname="com.bwi.qa.testScripts.FindHotelTest" name="findHotel" time="165.896"/>
  <system-out/>
</testsuite> <!-- com.bwi.qa.testScripts.FindHotelTest -->
